0 info it worked if it ends with ok
1 verbose cli [ '/usr/local/Cellar/node/6.5.0/bin/node',
1 verbose cli   '/usr/local/bin/npm',
1 verbose cli   'install',
1 verbose cli   'escape-json' ]
2 info using npm@3.10.3
3 info using node@v6.5.0
4 silly loadCurrentTree Starting
5 silly install loadCurrentTree
6 silly install readLocalPackageData
7 silly fetchPackageMetaData escape-json
8 silly fetchNamedPackageData escape-json
9 silly mapToRegistry name escape-json
10 silly mapToRegistry using default registry
11 silly mapToRegistry registry https://registry.npmjs.org/
12 silly mapToRegistry data Result {
12 silly mapToRegistry   raw: 'escape-json',
12 silly mapToRegistry   scope: null,
12 silly mapToRegistry   escapedName: 'escape-json',
12 silly mapToRegistry   name: 'escape-json',
12 silly mapToRegistry   rawSpec: '',
12 silly mapToRegistry   spec: 'latest',
12 silly mapToRegistry   type: 'tag' }
13 silly mapToRegistry uri https://registry.npmjs.org/escape-json
14 verbose request uri https://registry.npmjs.org/escape-json
15 verbose request no auth needed
16 info attempt registry request try #1 at 4:55:53 PM
17 verbose request id 6164da83ede97017
18 verbose etag "219DIYW4YO0DKRS85942AR28P"
19 http request GET https://registry.npmjs.org/escape-json
20 http 304 https://registry.npmjs.org/escape-json
21 verbose headers { date: 'Tue, 13 Sep 2016 13:55:53 GMT',
21 verbose headers   via: '1.1 varnish',
21 verbose headers   'cache-control': 'max-age=300',
21 verbose headers   etag: '"219DIYW4YO0DKRS85942AR28P"',
21 verbose headers   age: '138',
21 verbose headers   connection: 'keep-alive',
21 verbose headers   'x-served-by': 'cache-bma7028-BMA',
21 verbose headers   'x-cache': 'HIT',
21 verbose headers   'x-cache-hits': '1',
21 verbose headers   'x-timer': 'S1473774953.424378,VS0,VE0',
21 verbose headers   vary: 'Accept-Encoding' }
22 silly get cb [ 304,
22 silly get   { date: 'Tue, 13 Sep 2016 13:55:53 GMT',
22 silly get     via: '1.1 varnish',
22 silly get     'cache-control': 'max-age=300',
22 silly get     etag: '"219DIYW4YO0DKRS85942AR28P"',
22 silly get     age: '138',
22 silly get     connection: 'keep-alive',
22 silly get     'x-served-by': 'cache-bma7028-BMA',
22 silly get     'x-cache': 'HIT',
22 silly get     'x-cache-hits': '1',
22 silly get     'x-timer': 'S1473774953.424378,VS0,VE0',
22 silly get     vary: 'Accept-Encoding' } ]
23 verbose etag https://registry.npmjs.org/escape-json from cache
24 verbose get saving escape-json to /Users/dhreben/.npm/registry.npmjs.org/escape-json/.cache.json
25 verbose correctMkdir /Users/dhreben/.npm correctMkdir not in flight; initializing
26 silly install normalizeTree
27 silly loadCurrentTree Finishing
28 silly loadIdealTree Starting
29 silly install loadIdealTree
30 silly cloneCurrentTree Starting
31 silly install cloneCurrentTreeToIdealTree
32 silly cloneCurrentTree Finishing
33 silly loadShrinkwrap Starting
34 silly install loadShrinkwrap
35 silly loadShrinkwrap Finishing
36 silly loadAllDepsIntoIdealTree Starting
37 silly install loadAllDepsIntoIdealTree
38 silly resolveWithNewModule escape-json@0.1.1 checking installable status
39 silly cache add args [ 'escape-json', null ]
40 verbose cache add spec escape-json
41 silly cache add parsed spec Result {
41 silly cache add   raw: 'escape-json',
41 silly cache add   scope: null,
41 silly cache add   escapedName: 'escape-json',
41 silly cache add   name: 'escape-json',
41 silly cache add   rawSpec: '',
41 silly cache add   spec: 'latest',
41 silly cache add   type: 'tag' }
42 silly addNamed escape-json@latest
43 verbose addNamed "latest" is being treated as a dist-tag for escape-json
44 info addNameTag [ 'escape-json', 'latest' ]
45 silly mapToRegistry name escape-json
46 silly mapToRegistry using default registry
47 silly mapToRegistry registry https://registry.npmjs.org/
48 silly mapToRegistry data Result {
48 silly mapToRegistry   raw: 'escape-json',
48 silly mapToRegistry   scope: null,
48 silly mapToRegistry   escapedName: 'escape-json',
48 silly mapToRegistry   name: 'escape-json',
48 silly mapToRegistry   rawSpec: '',
48 silly mapToRegistry   spec: 'latest',
48 silly mapToRegistry   type: 'tag' }
49 silly mapToRegistry uri https://registry.npmjs.org/escape-json
50 verbose addNameTag registry:https://registry.npmjs.org/escape-json not in flight; fetching
51 verbose get https://registry.npmjs.org/escape-json not expired, no request
52 silly addNameTag next cb for escape-json with tag latest
53 silly addNamed escape-json@0.1.1
54 verbose addNamed "0.1.1" is a plain semver version for escape-json
55 silly cache afterAdd escape-json@0.1.1
56 verbose afterAdd /Users/dhreben/.npm/escape-json/0.1.1/package/package.json not in flight; writing
57 verbose correctMkdir /Users/dhreben/.npm correctMkdir not in flight; initializing
58 verbose afterAdd /Users/dhreben/.npm/escape-json/0.1.1/package/package.json written
59 silly loadAllDepsIntoIdealTree Finishing
60 silly loadIdealTree Finishing
61 silly currentTree hipchat-markdown@0.0.1
61 silly currentTree ├── abbrev@1.0.9
61 silly currentTree ├─┬ accepts@1.3.3
61 silly currentTree │ └── negotiator@0.6.1
61 silly currentTree ├── align-text@0.1.4
61 silly currentTree ├── amdefine@1.0.0
61 silly currentTree ├── ansi-regex@2.0.0
61 silly currentTree ├── ansi-styles@2.2.1
61 silly currentTree ├── ap@0.2.0
61 silly currentTree ├── argparse@1.0.7
61 silly currentTree ├── array-flatten@1.1.1
61 silly currentTree ├── asn1@0.2.3
61 silly currentTree ├── assert-plus@0.2.0
61 silly currentTree ├── async@0.9.2
61 silly currentTree ├── atlassian-connect-express-hipchat@0.3.6
61 silly currentTree ├─┬ atlassian-connect-express-redis@0.1.7
61 silly currentTree │ └── rsvp@3.0.21
61 silly currentTree ├─┬ atlassian-connect-express@1.0.12
61 silly currentTree │ ├── express@3.4.8
61 silly currentTree │ ├── lodash@2.4.2
61 silly currentTree │ └── rsvp@3.0.21
61 silly currentTree ├── atlassian-jwt@0.1.1
61 silly currentTree ├── aws-sign2@0.6.0
61 silly currentTree ├── aws4@1.4.1
61 silly currentTree ├── balanced-match@0.4.2
61 silly currentTree ├── basic-auth@1.0.4
61 silly currentTree ├── batch@0.5.0
61 silly currentTree ├─┬ bcrypt-pbkdf@1.0.0
61 silly currentTree │ └── tweetnacl@0.14.3
61 silly currentTree ├── binary@0.3.0
61 silly currentTree ├─┬ bl@1.1.2
61 silly currentTree │ ├── isarray@1.0.0
61 silly currentTree │ └── readable-stream@2.0.6
61 silly currentTree ├── block-stream@0.0.9
61 silly currentTree ├── bluebird@2.11.0
61 silly currentTree ├─┬ body-parser@1.15.2
61 silly currentTree │ ├── bytes@2.4.0
61 silly currentTree │ ├── debug@2.2.0
61 silly currentTree │ ├── qs@6.2.0
61 silly currentTree │ └── raw-body@2.1.7
61 silly currentTree ├── boom@2.10.1
61 silly currentTree ├── brace-expansion@1.1.6
61 silly currentTree ├── buffer-crc32@0.2.1
61 silly currentTree ├── buffer-shims@1.0.0
61 silly currentTree ├── buffer-writer@1.0.1
61 silly currentTree ├── buffers@0.1.1
61 silly currentTree ├── bytes@0.2.1
61 silly currentTree ├── camelcase@1.2.1
61 silly currentTree ├── caseless@0.11.0
61 silly currentTree ├── center-align@0.1.3
61 silly currentTree ├── chainsaw@0.1.0
61 silly currentTree ├── chalk@1.1.3
61 silly currentTree ├── cliui@2.1.0
61 silly currentTree ├── colors@0.6.2
61 silly currentTree ├── combined-stream@1.0.5
61 silly currentTree ├── commander@1.3.2
61 silly currentTree ├── compressible@2.0.8
61 silly currentTree ├─┬ compression@1.6.2
61 silly currentTree │ ├── bytes@2.3.0
61 silly currentTree │ └── debug@2.2.0
61 silly currentTree ├── concat-map@0.0.1
61 silly currentTree ├── config-chain@1.1.10
61 silly currentTree ├── connect@2.12.0
61 silly currentTree ├── content-disposition@0.5.1
61 silly currentTree ├── content-type@1.0.2
61 silly currentTree ├── cookie-signature@1.0.1
61 silly currentTree ├── cookie@0.1.0
61 silly currentTree ├── core-util-is@1.0.2
61 silly currentTree ├── cors@2.8.1
61 silly currentTree ├── cryptiles@2.0.5
61 silly currentTree ├─┬ dashdash@1.14.0
61 silly currentTree │ └── assert-plus@1.0.0
61 silly currentTree ├── debug@0.8.1
61 silly currentTree ├── decamelize@1.2.0
61 silly currentTree ├── decompress-zip@0.3.0
61 silly currentTree ├── delayed-stream@1.0.0
61 silly currentTree ├── depd@1.1.0
61 silly currentTree ├── destroy@1.0.4
61 silly currentTree ├── dottie@1.1.1
61 silly currentTree ├── double-ended-queue@2.1.0-0
61 silly currentTree ├── ecc-jsbn@0.1.1
61 silly currentTree ├─┬ editorconfig@0.13.2
61 silly currentTree │ ├── bluebird@3.4.6
61 silly currentTree │ └── commander@2.9.0
61 silly currentTree ├── ee-first@1.1.1
61 silly currentTree ├── encodeurl@1.0.1
61 silly currentTree ├── entities@1.1.1
61 silly currentTree ├── errorhandler@1.4.3
61 silly currentTree ├── escape-html@1.0.3
61 silly currentTree ├── escape-string-regexp@1.0.5
61 silly currentTree ├── etag@1.7.0
61 silly currentTree ├── express-hbs@1.0.3
61 silly currentTree ├─┬ express@4.14.0
61 silly currentTree │ ├── cookie-signature@1.0.6
61 silly currentTree │ ├── cookie@0.3.1
61 silly currentTree │ ├── debug@2.2.0
61 silly currentTree │ ├── fresh@0.3.0
61 silly currentTree │ ├── merge-descriptors@1.0.1
61 silly currentTree │ ├── methods@1.1.2
61 silly currentTree │ ├── mime@1.3.4
61 silly currentTree │ ├── qs@6.2.0
61 silly currentTree │ ├── range-parser@1.2.0
61 silly currentTree │ └── send@0.14.1
61 silly currentTree ├── extend@3.0.0
61 silly currentTree ├── extsprintf@1.0.2
61 silly currentTree ├─┬ finalhandler@0.5.0
61 silly currentTree │ └── debug@2.2.0
61 silly currentTree ├── findit@0.1.2
61 silly currentTree ├── forever-agent@0.6.1
61 silly currentTree ├─┬ form-data@1.0.1
61 silly currentTree │ └── async@2.0.1
61 silly currentTree ├── forwarded@0.1.0
61 silly currentTree ├── fresh@0.2.0
61 silly currentTree ├── fs.realpath@1.0.0
61 silly currentTree ├─┬ fstream@1.0.10
61 silly currentTree │ └── mkdirp@0.5.1
61 silly currentTree ├── generate-function@2.0.0
61 silly currentTree ├── generate-object-property@1.2.0
61 silly currentTree ├── generic-pool@2.4.2
61 silly currentTree ├─┬ getpass@0.1.6
61 silly currentTree │ └── assert-plus@1.0.0
61 silly currentTree ├── glob@7.0.6
61 silly currentTree ├── graceful-fs@4.1.6
61 silly currentTree ├── graceful-readlink@1.0.1
61 silly currentTree ├─┬ handlebars@4.0.5
61 silly currentTree │ ├── async@1.5.2
61 silly currentTree │ ├── source-map@0.4.4
61 silly currentTree │ ├─┬ uglify-js@2.7.3
61 silly currentTree │ │ ├── async@0.2.10
61 silly currentTree │ │ └── source-map@0.5.6
61 silly currentTree │ └── yargs@3.10.0
61 silly currentTree ├─┬ har-validator@2.0.6
61 silly currentTree │ └── commander@2.9.0
61 silly currentTree ├── has-ansi@2.0.0
61 silly currentTree ├── hashish@0.0.4
61 silly currentTree ├── hawk@3.1.3
61 silly currentTree ├── hoek@2.16.3
61 silly currentTree ├─┬ http-errors@1.5.0
61 silly currentTree │ └── inherits@2.0.1
61 silly currentTree ├── http-signature@1.1.1
61 silly currentTree ├── iconv-lite@0.4.13
61 silly currentTree ├── inflection@1.2.7
61 silly currentTree ├── inflight@1.0.5
61 silly currentTree ├── inherits@2.0.3
61 silly currentTree ├── ini@1.3.4
61 silly currentTree ├── ipaddr.js@1.1.1
61 silly currentTree ├── is-buffer@1.1.4
61 silly currentTree ├── is-my-json-valid@2.13.1
61 silly currentTree ├── is-property@1.0.2
61 silly currentTree ├── is-typedarray@1.0.0
61 silly currentTree ├── isarray@0.0.1
61 silly currentTree ├── isstream@0.1.2
61 silly currentTree ├── jodid25519@1.0.2
61 silly currentTree ├─┬ js-beautify@1.6.4
61 silly currentTree │ └── mkdirp@0.5.1
61 silly currentTree ├── jsbn@0.1.0
61 silly currentTree ├── json-schema@0.2.2
61 silly currentTree ├── json-stringify-safe@5.0.1
61 silly currentTree ├── JSONPath@0.9.1
61 silly currentTree ├── jsonpointer@2.0.0
61 silly currentTree ├── jsprim@1.3.0
61 silly currentTree ├── jsuri@1.2.2
61 silly currentTree ├── jugglingdb@0.2.14
61 silly currentTree ├── jwt-simple@0.4.1
61 silly currentTree ├── keypress@0.1.0
61 silly currentTree ├── kind-of@3.0.4
61 silly currentTree ├── lazy-cache@1.0.4
61 silly currentTree ├── linkify-it@2.0.0
61 silly currentTree ├── lock@0.1.3
61 silly currentTree ├── lodash@4.15.0
61 silly currentTree ├── longest@1.0.1
61 silly currentTree ├── lru-cache@3.2.0
61 silly currentTree ├── markdown-it@7.0.1
61 silly currentTree ├── mdurl@1.0.1
61 silly currentTree ├── media-typer@0.3.0
61 silly currentTree ├── merge-descriptors@0.0.1
61 silly currentTree ├── methods@0.1.0
61 silly currentTree ├── mime-db@1.23.0
61 silly currentTree ├── mime-types@2.1.11
61 silly currentTree ├── mime@1.2.11
61 silly currentTree ├── minimatch@3.0.3
61 silly currentTree ├── minimist@0.0.8
61 silly currentTree ├── mkdirp@0.3.5
61 silly currentTree ├── mkpath@0.1.0
61 silly currentTree ├─┬ moment-timezone@0.5.5
61 silly currentTree │ └── moment@2.14.1
61 silly currentTree ├── moment@2.5.1
61 silly currentTree ├─┬ morgan@1.7.0
61 silly currentTree │ └── debug@2.2.0
61 silly currentTree ├── mout@0.11.1
61 silly currentTree ├── ms@0.7.1
61 silly currentTree ├── multiparty@2.2.0
61 silly currentTree ├── negotiator@0.3.0
61 silly currentTree ├── ngrok@2.1.7
61 silly currentTree ├── node-json-minify@0.1.3-a
61 silly currentTree ├── node-uuid@1.4.7
61 silly currentTree ├── nopt@3.0.6
61 silly currentTree ├── oauth-sign@0.8.2
61 silly currentTree ├── on-finished@2.3.0
61 silly currentTree ├── on-headers@1.0.1
61 silly currentTree ├── once@1.4.0
61 silly currentTree ├── optimist@0.6.1
61 silly currentTree ├── packet-reader@0.2.0
61 silly currentTree ├── parseurl@1.3.1
61 silly currentTree ├── path-is-absolute@1.0.0
61 silly currentTree ├── path-to-regexp@0.1.7
61 silly currentTree ├── pause@0.0.1
61 silly currentTree ├── pg-connection-string@0.1.3
61 silly currentTree ├── pg-types@1.11.0
61 silly currentTree ├── pg@4.5.6
61 silly currentTree ├── pgpass@0.0.3
61 silly currentTree ├── pinkie-promise@2.0.1
61 silly currentTree ├── pinkie@2.0.4
61 silly currentTree ├── postgres-array@1.0.0
61 silly currentTree ├── postgres-bytea@1.0.0
61 silly currentTree ├── postgres-date@1.0.3
61 silly currentTree ├── postgres-interval@1.0.2
61 silly currentTree ├── process-nextick-args@1.0.7
61 silly currentTree ├── proto-list@1.2.4
61 silly currentTree ├── proxy-addr@1.1.2
61 silly currentTree ├── pseudomap@1.0.2
61 silly currentTree ├── q@1.4.1
61 silly currentTree ├── qs@0.6.6
61 silly currentTree ├── range-parser@0.0.4
61 silly currentTree ├── raw-body@1.1.2
61 silly currentTree ├── readable-stream@1.1.14
61 silly currentTree ├─┬ readdirp@2.1.0
61 silly currentTree │ ├── isarray@1.0.0
61 silly currentTree │ └── readable-stream@2.1.5
61 silly currentTree ├── redis-commands@1.2.0
61 silly currentTree ├── redis-parser@2.0.4
61 silly currentTree ├── redis@2.6.2
61 silly currentTree ├── repeat-string@1.5.4
61 silly currentTree ├─┬ request@2.74.0
61 silly currentTree │ └── qs@6.2.1
61 silly currentTree ├─┬ retry-as-promised@2.0.1
61 silly currentTree │ ├── bluebird@3.4.6
61 silly currentTree │ └── debug@2.2.0
61 silly currentTree ├── right-align@0.1.3
61 silly currentTree ├── rimraf@2.5.4
61 silly currentTree ├── rsvp@3.2.1
61 silly currentTree ├── sax@0.5.8
61 silly currentTree ├── semver@4.3.6
61 silly currentTree ├── send@0.1.4
61 silly currentTree ├─┬ seq@0.3.5
61 silly currentTree │ └── chainsaw@0.0.9
61 silly currentTree ├─┬ sequelize@3.24.2
61 silly currentTree │ ├── bluebird@3.4.6
61 silly currentTree │ ├── inflection@1.10.0
61 silly currentTree │ ├── lodash@4.12.0
61 silly currentTree │ ├── moment@2.14.1
61 silly currentTree │ └── semver@5.3.0
61 silly currentTree ├─┬ serve-static@1.11.1
61 silly currentTree │ ├── debug@2.2.0
61 silly currentTree │ ├── fresh@0.3.0
61 silly currentTree │ ├── mime@1.3.4
61 silly currentTree │ ├── range-parser@1.2.0
61 silly currentTree │ └── send@0.14.1
61 silly currentTree ├── set-immediate-shim@1.0.1
61 silly currentTree ├── setprototypeof@1.0.1
61 silly currentTree ├── shimmer@1.1.0
61 silly currentTree ├── sigmund@1.0.1
61 silly currentTree ├── sntp@1.0.9
61 silly currentTree ├── source-map@0.1.34
61 silly currentTree ├── split@0.3.3
61 silly currentTree ├── sprintf-js@1.0.3
61 silly currentTree ├─┬ sshpk@1.10.0
61 silly currentTree │ └── assert-plus@1.0.0
61 silly currentTree ├─┬ static-expiry@0.0.11
61 silly currentTree │ └── fresh@0.1.0
61 silly currentTree ├── statuses@1.3.0
61 silly currentTree ├── stream-counter@0.2.0
61 silly currentTree ├── string_decoder@0.10.31
61 silly currentTree ├── stringstream@0.0.5
61 silly currentTree ├── strip-ansi@3.0.1
61 silly currentTree ├── supports-color@2.0.0
61 silly currentTree ├─┬ tar.gz@1.0.5
61 silly currentTree │ └── commander@2.9.0
61 silly currentTree ├── tar@2.2.1
61 silly currentTree ├── terraformer-wkt-parser@1.1.2
61 silly currentTree ├── terraformer@1.0.6
61 silly currentTree ├── through@2.3.8
61 silly currentTree ├── toposort-class@1.0.1
61 silly currentTree ├─┬ touch@0.0.3
61 silly currentTree │ └── nopt@1.0.10
61 silly currentTree ├── tough-cookie@2.3.1
61 silly currentTree ├── traverse@0.3.9
61 silly currentTree ├── tunnel-agent@0.4.3
61 silly currentTree ├── tweetnacl@0.13.3
61 silly currentTree ├── type-is@1.6.13
61 silly currentTree ├── uc.micro@1.0.2
61 silly currentTree ├─┬ uglify-js@2.4.24
61 silly currentTree │ └── async@0.2.10
61 silly currentTree ├── uglify-to-browserify@1.0.2
61 silly currentTree ├── uid2@0.0.3
61 silly currentTree ├── underscore@1.3.3
61 silly currentTree ├── unpipe@1.0.0
61 silly currentTree ├── urijs@1.18.0
61 silly currentTree ├── util-deprecate@1.0.2
61 silly currentTree ├── utils-merge@1.0.0
61 silly currentTree ├── uuid@2.0.2
61 silly currentTree ├── validator@5.6.0
61 silly currentTree ├── vary@1.1.0
61 silly currentTree ├── verror@1.3.6
61 silly currentTree ├── window-size@0.1.0
61 silly currentTree ├── wkx@0.2.0
61 silly currentTree ├── wordwrap@0.0.2
61 silly currentTree ├── wrappy@1.0.2
61 silly currentTree ├── xml2js@0.2.8
61 silly currentTree ├── xtend@4.0.1
61 silly currentTree └── yargs@3.5.4
62 silly idealTree hipchat-markdown@0.0.1
62 silly idealTree ├── abbrev@1.0.9
62 silly idealTree ├─┬ accepts@1.3.3
62 silly idealTree │ └── negotiator@0.6.1
62 silly idealTree ├── align-text@0.1.4
62 silly idealTree ├── amdefine@1.0.0
62 silly idealTree ├── ansi-regex@2.0.0
62 silly idealTree ├── ansi-styles@2.2.1
62 silly idealTree ├── ap@0.2.0
62 silly idealTree ├── argparse@1.0.7
62 silly idealTree ├── array-flatten@1.1.1
62 silly idealTree ├── asn1@0.2.3
62 silly idealTree ├── assert-plus@0.2.0
62 silly idealTree ├── async@0.9.2
62 silly idealTree ├── atlassian-connect-express-hipchat@0.3.6
62 silly idealTree ├─┬ atlassian-connect-express-redis@0.1.7
62 silly idealTree │ └── rsvp@3.0.21
62 silly idealTree ├─┬ atlassian-connect-express@1.0.12
62 silly idealTree │ ├── express@3.4.8
62 silly idealTree │ ├── lodash@2.4.2
62 silly idealTree │ └── rsvp@3.0.21
62 silly idealTree ├── atlassian-jwt@0.1.1
62 silly idealTree ├── aws-sign2@0.6.0
62 silly idealTree ├── aws4@1.4.1
62 silly idealTree ├── balanced-match@0.4.2
62 silly idealTree ├── basic-auth@1.0.4
62 silly idealTree ├── batch@0.5.0
62 silly idealTree ├─┬ bcrypt-pbkdf@1.0.0
62 silly idealTree │ └── tweetnacl@0.14.3
62 silly idealTree ├── binary@0.3.0
62 silly idealTree ├─┬ bl@1.1.2
62 silly idealTree │ ├── isarray@1.0.0
62 silly idealTree │ └── readable-stream@2.0.6
62 silly idealTree ├── block-stream@0.0.9
62 silly idealTree ├── bluebird@2.11.0
62 silly idealTree ├─┬ body-parser@1.15.2
62 silly idealTree │ ├── bytes@2.4.0
62 silly idealTree │ ├── debug@2.2.0
62 silly idealTree │ ├── qs@6.2.0
62 silly idealTree │ └── raw-body@2.1.7
62 silly idealTree ├── boom@2.10.1
62 silly idealTree ├── brace-expansion@1.1.6
62 silly idealTree ├── buffer-crc32@0.2.1
62 silly idealTree ├── buffer-shims@1.0.0
62 silly idealTree ├── buffer-writer@1.0.1
62 silly idealTree ├── buffers@0.1.1
62 silly idealTree ├── bytes@0.2.1
62 silly idealTree ├── camelcase@1.2.1
62 silly idealTree ├── caseless@0.11.0
62 silly idealTree ├── center-align@0.1.3
62 silly idealTree ├── chainsaw@0.1.0
62 silly idealTree ├── chalk@1.1.3
62 silly idealTree ├── cliui@2.1.0
62 silly idealTree ├── colors@0.6.2
62 silly idealTree ├── combined-stream@1.0.5
62 silly idealTree ├── commander@1.3.2
62 silly idealTree ├── compressible@2.0.8
62 silly idealTree ├─┬ compression@1.6.2
62 silly idealTree │ ├── bytes@2.3.0
62 silly idealTree │ └── debug@2.2.0
62 silly idealTree ├── concat-map@0.0.1
62 silly idealTree ├── config-chain@1.1.10
62 silly idealTree ├── connect@2.12.0
62 silly idealTree ├── content-disposition@0.5.1
62 silly idealTree ├── content-type@1.0.2
62 silly idealTree ├── cookie-signature@1.0.1
62 silly idealTree ├── cookie@0.1.0
62 silly idealTree ├── core-util-is@1.0.2
62 silly idealTree ├── cors@2.8.1
62 silly idealTree ├── cryptiles@2.0.5
62 silly idealTree ├─┬ dashdash@1.14.0
62 silly idealTree │ └── assert-plus@1.0.0
62 silly idealTree ├── debug@0.8.1
62 silly idealTree ├── decamelize@1.2.0
62 silly idealTree ├── decompress-zip@0.3.0
62 silly idealTree ├── delayed-stream@1.0.0
62 silly idealTree ├── depd@1.1.0
62 silly idealTree ├── destroy@1.0.4
62 silly idealTree ├── dottie@1.1.1
62 silly idealTree ├── double-ended-queue@2.1.0-0
62 silly idealTree ├── ecc-jsbn@0.1.1
62 silly idealTree ├─┬ editorconfig@0.13.2
62 silly idealTree │ ├── bluebird@3.4.6
62 silly idealTree │ └── commander@2.9.0
62 silly idealTree ├── ee-first@1.1.1
62 silly idealTree ├── encodeurl@1.0.1
62 silly idealTree ├── entities@1.1.1
62 silly idealTree ├── errorhandler@1.4.3
62 silly idealTree ├── escape-html@1.0.3
62 silly idealTree ├── escape-json@0.1.1
62 silly idealTree ├── escape-string-regexp@1.0.5
62 silly idealTree ├── etag@1.7.0
62 silly idealTree ├── express-hbs@1.0.3
62 silly idealTree ├─┬ express@4.14.0
62 silly idealTree │ ├── cookie-signature@1.0.6
62 silly idealTree │ ├── cookie@0.3.1
62 silly idealTree │ ├── debug@2.2.0
62 silly idealTree │ ├── fresh@0.3.0
62 silly idealTree │ ├── merge-descriptors@1.0.1
62 silly idealTree │ ├── methods@1.1.2
62 silly idealTree │ ├── mime@1.3.4
62 silly idealTree │ ├── qs@6.2.0
62 silly idealTree │ ├── range-parser@1.2.0
62 silly idealTree │ └── send@0.14.1
62 silly idealTree ├── extend@3.0.0
62 silly idealTree ├── extsprintf@1.0.2
62 silly idealTree ├─┬ finalhandler@0.5.0
62 silly idealTree │ └── debug@2.2.0
62 silly idealTree ├── findit@0.1.2
62 silly idealTree ├── forever-agent@0.6.1
62 silly idealTree ├─┬ form-data@1.0.1
62 silly idealTree │ └── async@2.0.1
62 silly idealTree ├── forwarded@0.1.0
62 silly idealTree ├── fresh@0.2.0
62 silly idealTree ├── fs.realpath@1.0.0
62 silly idealTree ├─┬ fstream@1.0.10
62 silly idealTree │ └── mkdirp@0.5.1
62 silly idealTree ├── generate-function@2.0.0
62 silly idealTree ├── generate-object-property@1.2.0
62 silly idealTree ├── generic-pool@2.4.2
62 silly idealTree ├─┬ getpass@0.1.6
62 silly idealTree │ └── assert-plus@1.0.0
62 silly idealTree ├── glob@7.0.6
62 silly idealTree ├── graceful-fs@4.1.6
62 silly idealTree ├── graceful-readlink@1.0.1
62 silly idealTree ├─┬ handlebars@4.0.5
62 silly idealTree │ ├── async@1.5.2
62 silly idealTree │ ├── source-map@0.4.4
62 silly idealTree │ ├─┬ uglify-js@2.7.3
62 silly idealTree │ │ ├── async@0.2.10
62 silly idealTree │ │ └── source-map@0.5.6
62 silly idealTree │ └── yargs@3.10.0
62 silly idealTree ├─┬ har-validator@2.0.6
62 silly idealTree │ └── commander@2.9.0
62 silly idealTree ├── has-ansi@2.0.0
62 silly idealTree ├── hashish@0.0.4
62 silly idealTree ├── hawk@3.1.3
62 silly idealTree ├── hoek@2.16.3
62 silly idealTree ├─┬ http-errors@1.5.0
62 silly idealTree │ └── inherits@2.0.1
62 silly idealTree ├── http-signature@1.1.1
62 silly idealTree ├── iconv-lite@0.4.13
62 silly idealTree ├── inflection@1.2.7
62 silly idealTree ├── inflight@1.0.5
62 silly idealTree ├── inherits@2.0.3
62 silly idealTree ├── ini@1.3.4
62 silly idealTree ├── ipaddr.js@1.1.1
62 silly idealTree ├── is-buffer@1.1.4
62 silly idealTree ├── is-my-json-valid@2.13.1
62 silly idealTree ├── is-property@1.0.2
62 silly idealTree ├── is-typedarray@1.0.0
62 silly idealTree ├── isarray@0.0.1
62 silly idealTree ├── isstream@0.1.2
62 silly idealTree ├── jodid25519@1.0.2
62 silly idealTree ├─┬ js-beautify@1.6.4
62 silly idealTree │ └── mkdirp@0.5.1
62 silly idealTree ├── jsbn@0.1.0
62 silly idealTree ├── json-schema@0.2.2
62 silly idealTree ├── json-stringify-safe@5.0.1
62 silly idealTree ├── JSONPath@0.9.1
62 silly idealTree ├── jsonpointer@2.0.0
62 silly idealTree ├── jsprim@1.3.0
62 silly idealTree ├── jsuri@1.2.2
62 silly idealTree ├── jugglingdb@0.2.14
62 silly idealTree ├── jwt-simple@0.4.1
62 silly idealTree ├── keypress@0.1.0
62 silly idealTree ├── kind-of@3.0.4
62 silly idealTree ├── lazy-cache@1.0.4
62 silly idealTree ├── linkify-it@2.0.0
62 silly idealTree ├── lock@0.1.3
62 silly idealTree ├── lodash@4.15.0
62 silly idealTree ├── longest@1.0.1
62 silly idealTree ├── lru-cache@3.2.0
62 silly idealTree ├── markdown-it@7.0.1
62 silly idealTree ├── mdurl@1.0.1
62 silly idealTree ├── media-typer@0.3.0
62 silly idealTree ├── merge-descriptors@0.0.1
62 silly idealTree ├── methods@0.1.0
62 silly idealTree ├── mime-db@1.23.0
62 silly idealTree ├── mime-types@2.1.11
62 silly idealTree ├── mime@1.2.11
62 silly idealTree ├── minimatch@3.0.3
62 silly idealTree ├── minimist@0.0.8
62 silly idealTree ├── mkdirp@0.3.5
62 silly idealTree ├── mkpath@0.1.0
62 silly idealTree ├─┬ moment-timezone@0.5.5
62 silly idealTree │ └── moment@2.14.1
62 silly idealTree ├── moment@2.5.1
62 silly idealTree ├─┬ morgan@1.7.0
62 silly idealTree │ └── debug@2.2.0
62 silly idealTree ├── mout@0.11.1
62 silly idealTree ├── ms@0.7.1
62 silly idealTree ├── multiparty@2.2.0
62 silly idealTree ├── negotiator@0.3.0
62 silly idealTree ├── ngrok@2.1.7
62 silly idealTree ├── node-json-minify@0.1.3-a
62 silly idealTree ├── node-uuid@1.4.7
62 silly idealTree ├── nopt@3.0.6
62 silly idealTree ├── oauth-sign@0.8.2
62 silly idealTree ├── on-finished@2.3.0
62 silly idealTree ├── on-headers@1.0.1
62 silly idealTree ├── once@1.4.0
62 silly idealTree ├── optimist@0.6.1
62 silly idealTree ├── packet-reader@0.2.0
62 silly idealTree ├── parseurl@1.3.1
62 silly idealTree ├── path-is-absolute@1.0.0
62 silly idealTree ├── path-to-regexp@0.1.7
62 silly idealTree ├── pause@0.0.1
62 silly idealTree ├── pg-connection-string@0.1.3
62 silly idealTree ├── pg-types@1.11.0
62 silly idealTree ├── pg@4.5.6
62 silly idealTree ├── pgpass@0.0.3
62 silly idealTree ├── pinkie-promise@2.0.1
62 silly idealTree ├── pinkie@2.0.4
62 silly idealTree ├── postgres-array@1.0.0
62 silly idealTree ├── postgres-bytea@1.0.0
62 silly idealTree ├── postgres-date@1.0.3
62 silly idealTree ├── postgres-interval@1.0.2
62 silly idealTree ├── process-nextick-args@1.0.7
62 silly idealTree ├── proto-list@1.2.4
62 silly idealTree ├── proxy-addr@1.1.2
62 silly idealTree ├── pseudomap@1.0.2
62 silly idealTree ├── q@1.4.1
62 silly idealTree ├── qs@0.6.6
62 silly idealTree ├── range-parser@0.0.4
62 silly idealTree ├── raw-body@1.1.2
62 silly idealTree ├── readable-stream@1.1.14
62 silly idealTree ├─┬ readdirp@2.1.0
62 silly idealTree │ ├── isarray@1.0.0
62 silly idealTree │ └── readable-stream@2.1.5
62 silly idealTree ├── redis-commands@1.2.0
62 silly idealTree ├── redis-parser@2.0.4
62 silly idealTree ├── redis@2.6.2
62 silly idealTree ├── repeat-string@1.5.4
62 silly idealTree ├─┬ request@2.74.0
62 silly idealTree │ └── qs@6.2.1
62 silly idealTree ├─┬ retry-as-promised@2.0.1
62 silly idealTree │ ├── bluebird@3.4.6
62 silly idealTree │ └── debug@2.2.0
62 silly idealTree ├── right-align@0.1.3
62 silly idealTree ├── rimraf@2.5.4
62 silly idealTree ├── rsvp@3.2.1
62 silly idealTree ├── sax@0.5.8
62 silly idealTree ├── semver@4.3.6
62 silly idealTree ├── send@0.1.4
62 silly idealTree ├─┬ seq@0.3.5
62 silly idealTree │ └── chainsaw@0.0.9
62 silly idealTree ├─┬ sequelize@3.24.2
62 silly idealTree │ ├── bluebird@3.4.6
62 silly idealTree │ ├── inflection@1.10.0
62 silly idealTree │ ├── lodash@4.12.0
62 silly idealTree │ ├── moment@2.14.1
62 silly idealTree │ └── semver@5.3.0
62 silly idealTree ├─┬ serve-static@1.11.1
62 silly idealTree │ ├── debug@2.2.0
62 silly idealTree │ ├── fresh@0.3.0
62 silly idealTree │ ├── mime@1.3.4
62 silly idealTree │ ├── range-parser@1.2.0
62 silly idealTree │ └── send@0.14.1
62 silly idealTree ├── set-immediate-shim@1.0.1
62 silly idealTree ├── setprototypeof@1.0.1
62 silly idealTree ├── shimmer@1.1.0
62 silly idealTree ├── sigmund@1.0.1
62 silly idealTree ├── sntp@1.0.9
62 silly idealTree ├── source-map@0.1.34
62 silly idealTree ├── split@0.3.3
62 silly idealTree ├── sprintf-js@1.0.3
62 silly idealTree ├─┬ sshpk@1.10.0
62 silly idealTree │ └── assert-plus@1.0.0
62 silly idealTree ├─┬ static-expiry@0.0.11
62 silly idealTree │ └── fresh@0.1.0
62 silly idealTree ├── statuses@1.3.0
62 silly idealTree ├── stream-counter@0.2.0
62 silly idealTree ├── string_decoder@0.10.31
62 silly idealTree ├── stringstream@0.0.5
62 silly idealTree ├── strip-ansi@3.0.1
62 silly idealTree ├── supports-color@2.0.0
62 silly idealTree ├─┬ tar.gz@1.0.5
62 silly idealTree │ └── commander@2.9.0
62 silly idealTree ├── tar@2.2.1
62 silly idealTree ├── terraformer-wkt-parser@1.1.2
62 silly idealTree ├── terraformer@1.0.6
62 silly idealTree ├── through@2.3.8
62 silly idealTree ├── toposort-class@1.0.1
62 silly idealTree ├─┬ touch@0.0.3
62 silly idealTree │ └── nopt@1.0.10
62 silly idealTree ├── tough-cookie@2.3.1
62 silly idealTree ├── traverse@0.3.9
62 silly idealTree ├── tunnel-agent@0.4.3
62 silly idealTree ├── tweetnacl@0.13.3
62 silly idealTree ├── type-is@1.6.13
62 silly idealTree ├── uc.micro@1.0.2
62 silly idealTree ├─┬ uglify-js@2.4.24
62 silly idealTree │ └── async@0.2.10
62 silly idealTree ├── uglify-to-browserify@1.0.2
62 silly idealTree ├── uid2@0.0.3
62 silly idealTree ├── underscore@1.3.3
62 silly idealTree ├── unpipe@1.0.0
62 silly idealTree ├── urijs@1.18.0
62 silly idealTree ├── util-deprecate@1.0.2
62 silly idealTree ├── utils-merge@1.0.0
62 silly idealTree ├── uuid@2.0.2
62 silly idealTree ├── validator@5.6.0
62 silly idealTree ├── vary@1.1.0
62 silly idealTree ├── verror@1.3.6
62 silly idealTree ├── window-size@0.1.0
62 silly idealTree ├── wkx@0.2.0
62 silly idealTree ├── wordwrap@0.0.2
62 silly idealTree ├── wrappy@1.0.2
62 silly idealTree ├── xml2js@0.2.8
62 silly idealTree ├── xtend@4.0.1
62 silly idealTree └── yargs@3.5.4
63 silly generateActionsToTake Starting
64 silly install generateActionsToTake
65 silly generateActionsToTake Finishing
66 silly diffTrees action count 1
67 silly diffTrees add escape-json@0.1.1
68 silly decomposeActions action count 8
69 silly decomposeActions fetch escape-json@0.1.1
70 silly decomposeActions extract escape-json@0.1.1
71 silly decomposeActions test escape-json@0.1.1
72 silly decomposeActions preinstall escape-json@0.1.1
73 silly decomposeActions build escape-json@0.1.1
74 silly decomposeActions install escape-json@0.1.1
75 silly decomposeActions postinstall escape-json@0.1.1
76 silly decomposeActions finalize escape-json@0.1.1
77 silly executeActions Starting
78 silly install executeActions
79 silly doSerial global-install 0
80 silly doParallel fetch 1
81 verbose correctMkdir /Users/dhreben/.npm/_locks correctMkdir not in flight; initializing
82 verbose lock using /Users/dhreben/.npm/_locks/staging-5236762038f83431.lock for /Users/dhreben/DEV/markdown/node_modules/.staging
83 silly doParallel extract 1
84 silly extract escape-json@0.1.1
85 verbose unbuild node_modules/.staging/escape-json-20354d1d
86 silly gentlyRm /Users/dhreben/DEV/markdown/node_modules/.staging/escape-json-20354d1d is being purged from base /Users/dhreben/DEV/markdown
87 verbose gentlyRm don't care about contents; nuking /Users/dhreben/DEV/markdown/node_modules/.staging/escape-json-20354d1d
88 verbose tar unpack /Users/dhreben/.npm/escape-json/0.1.1/package.tgz
89 verbose tar unpacking to /Users/dhreben/DEV/markdown/node_modules/.staging/escape-json-20354d1d
90 silly gentlyRm /Users/dhreben/DEV/markdown/node_modules/.staging/escape-json-20354d1d is being purged
91 verbose gentlyRm don't care about contents; nuking /Users/dhreben/DEV/markdown/node_modules/.staging/escape-json-20354d1d
92 silly gunzTarPerm modes [ '755', '644' ]
93 silly gunzTarPerm extractEntry package.json
94 silly gunzTarPerm modified mode [ 'package.json', 436, 420 ]
95 silly gunzTarPerm extractEntry README.md
96 silly gunzTarPerm modified mode [ 'README.md', 436, 420 ]
97 silly gunzTarPerm extractEntry LICENSE
98 silly gunzTarPerm modified mode [ 'LICENSE', 436, 420 ]
99 silly gunzTarPerm extractEntry index.js
100 silly gunzTarPerm modified mode [ 'index.js', 436, 420 ]
101 silly gunzTarPerm extractEntry bin/escape-json.js
102 silly gunzTarPerm modified mode [ 'bin/escape-json.js', 509, 493 ]
103 silly gentlyRm /Users/dhreben/DEV/markdown/node_modules/.staging/escape-json-20354d1d/node_modules is being purged
104 verbose gentlyRm don't care about contents; nuking /Users/dhreben/DEV/markdown/node_modules/.staging/escape-json-20354d1d/node_modules
105 silly doParallel preinstall 1
106 silly preinstall escape-json@0.1.1 /Users/dhreben/DEV/markdown/node_modules/.staging/escape-json-20354d1d
107 info lifecycle escape-json@0.1.1~preinstall: escape-json@0.1.1
108 silly lifecycle escape-json@0.1.1~preinstall: no script for preinstall, continuing
109 silly doReverseSerial remove 0
110 silly doSerial move 0
111 silly doSerial finalize 1
112 silly finalize /Users/dhreben/DEV/markdown/node_modules/escape-json
113 silly doSerial build 1
114 silly build escape-json@0.1.1
115 info linkStuff escape-json@0.1.1
116 silly linkStuff escape-json@0.1.1 has /Users/dhreben/DEV/markdown/node_modules as its parent node_modules
117 verbose linkBins escape-json@0.1.1
118 verbose link bins [ { 'escape-json': 'escape-json.js' },
118 verbose link bins   '/Users/dhreben/DEV/markdown/node_modules/.bin',
118 verbose link bins   false ]
119 verbose linkMans escape-json@0.1.1
120 verbose unlock done using /Users/dhreben/.npm/_locks/staging-5236762038f83431.lock for /Users/dhreben/DEV/markdown/node_modules/.staging
121 silly rollbackFailedOptional Starting
122 silly rollbackFailedOptional Finishing
123 silly runTopLevelLifecycles Starting
124 silly runTopLevelLifecycles Finishing
125 silly install printInstalled
126 verbose stack Error: ENOENT: no such file or directory, chmod '/Users/dhreben/DEV/markdown/node_modules/escape-json/escape-json.js'
126 verbose stack     at Error (native)
127 verbose cwd /Users/dhreben/DEV/markdown
128 error Darwin 15.6.0
129 error argv "/usr/local/Cellar/node/6.5.0/bin/node" "/usr/local/bin/npm" "install" "escape-json"
130 error node v6.5.0
131 error npm  v3.10.3
132 error path /Users/dhreben/DEV/markdown/node_modules/escape-json/escape-json.js
133 error code ENOENT
134 error errno -2
135 error syscall chmod
136 error enoent ENOENT: no such file or directory, chmod '/Users/dhreben/DEV/markdown/node_modules/escape-json/escape-json.js'
137 error enoent ENOENT: no such file or directory, chmod '/Users/dhreben/DEV/markdown/node_modules/escape-json/escape-json.js'
137 error enoent This is most likely not a problem with npm itself
137 error enoent and is related to npm not being able to find a file.
138 verbose exit [ -2, true ]
